{"/Users/ruanyl/project/formula/src/ad.js": {"path":"/Users/ruanyl/project/formula/src/ad.js","statementMap":{"0":{"start":{"line":1,"column":0},"end":{"line":null,"column":-1}},"1":{"start":{"line":2,"column":0},"end":{"line":null,"column":-1}},"2":{"start":{"line":3,"column":0},"end":{"line":null,"column":-1}},"3":{"start":{"line":4,"column":0},"end":{"line":null,"column":-1}},"4":{"start":{"line":5,"column":0},"end":{"line":null,"column":-1}},"5":{"start":{"line":9,"column":12},"end":{"line":9,"column":0}},"6":{"start":{"line":9,"column":12},"end":{"line":null,"column":-1}},"7":{"start":{"line":12,"column":12},"end":{"line":12,"column":0}},"8":{"start":{"line":12,"column":12},"end":{"line":null,"column":-1}},"9":{"start":{"line":17,"column":13},"end":{"line":17,"column":7}},"10":{"start":{"line":17,"column":18},"end":{"line":null,"column":-1}},"11":{"start":{"line":18,"column":15},"end":{"line":18,"column":2}},"12":{"start":{"line":19,"column":14},"end":{"line":19,"column":2}},"13":{"start":{"line":20,"column":2},"end":{"line":null,"column":-1}},"14":{"start":{"line":26,"column":13},"end":{"line":26,"column":7}},"15":{"start":{"line":26,"column":21},"end":{"line":26,"column":20}},"16":{"start":{"line":26,"column":21},"end":{"line":null,"column":-1}},"17":{"start":{"line":27,"column":17},"end":{"line":27,"column":2}},"18":{"start":{"line":28,"column":2},"end":{"line":null,"column":-1}},"19":{"start":{"line":34,"column":13},"end":{"line":34,"column":7}},"20":{"start":{"line":34,"column":19},"end":{"line":null,"column":-1}},"21":{"start":{"line":35,"column":15},"end":{"line":35,"column":2}},"22":{"start":{"line":36,"column":18},"end":{"line":36,"column":2}},"23":{"start":{"line":37,"column":2},"end":{"line":null,"column":-1}},"24":{"start":{"line":37,"column":18},"end":{"line":null,"column":-1}}},"fnMap":{"0":{"name":"mfm","decl":{"start":{"line":9,"column":6},"end":{"line":9,"column":12}},"loc":{"start":{"line":9,"column":12},"end":{"line":9,"column":0}}},"1":{"name":"mfv","decl":{"start":{"line":12,"column":6},"end":{"line":12,"column":12}},"loc":{"start":{"line":12,"column":12},"end":{"line":12,"column":0}}},"2":{"name":"ad","decl":{"start":{"line":17,"column":13},"end":{"line":17,"column":18}},"loc":{"start":{"line":17,"column":18},"end":{"line":17,"column":7}}},"3":{"name":"(anonymous_3)","decl":{"start":{"line":17,"column":38},"end":{"line":17,"column":38}},"loc":{"start":{"line":17,"column":48},"end":{"line":17,"column":26}}},"4":{"name":"adosc","decl":{"start":{"line":26,"column":13},"end":{"line":26,"column":21}},"loc":{"start":{"line":26,"column":21},"end":{"line":26,"column":7}}},"5":{"name":"(anonymous_5)","decl":{"start":{"line":26,"column":61},"end":{"line":26,"column":68}},"loc":{"start":{"line":26,"column":69},"end":{"line":26,"column":21}}},"6":{"name":"cmf","decl":{"start":{"line":34,"column":13},"end":{"line":34,"column":19}},"loc":{"start":{"line":34,"column":19},"end":{"line":34,"column":7}}},"7":{"name":"(anonymous_7)","decl":{"start":{"line":34,"column":30},"end":{"line":34,"column":37}},"loc":{"start":{"line":34,"column":38},"end":{"line":34,"column":19}}},"8":{"name":"(anonymous_8)","decl":{"start":{"line":37,"column":18},"end":{"line":37,"column":18}},"loc":{"start":{"line":37,"column":18},"end":{"line":37,"column":9}}}},"branchMap":{"0":{"loc":{"start":{"line":9,"column":52},"end":{"line":9,"column":21}},"type":"cond-expr","locations":[{"start":{"line":9,"column":52},"end":{"line":9,"column":21}},{"start":{"line":9,"column":56},"end":{"line":9,"column":12}}]},"1":{"loc":{"start":{"line":19,"column":31},"end":{"line":19,"column":14}},"type":"cond-expr","locations":[{"start":{"line":19,"column":31},"end":{"line":19,"column":14}},{"start":{"line":19,"column":38},"end":{"line":19,"column":2}}]},"2":{"loc":{"start":{"line":26,"column":21},"end":{"line":26,"column":36}},"type":"cond-expr","locations":[{"start":{"line":26,"column":21},"end":{"line":26,"column":36}},{"start":{"line":26,"column":37},"end":{"line":26,"column":21}}]},"3":{"loc":{"start":{"line":26,"column":21},"end":{"line":26,"column":36}},"type":"binary-expr","locations":[{"start":{"line":26,"column":21},"end":{"line":26,"column":36}},{"start":{"line":26,"column":21},"end":{"line":26,"column":36}}]},"4":{"loc":{"start":{"line":26,"column":21},"end":{"line":26,"column":53}},"type":"cond-expr","locations":[{"start":{"line":26,"column":21},"end":{"line":26,"column":53}},{"start":{"line":26,"column":54},"end":{"line":26,"column":21}}]},"5":{"loc":{"start":{"line":26,"column":21},"end":{"line":26,"column":53}},"type":"binary-expr","locations":[{"start":{"line":26,"column":21},"end":{"line":26,"column":53}},{"start":{"line":26,"column":21},"end":{"line":26,"column":53}}]},"6":{"loc":{"start":{"line":37,"column":47},"end":{"line":37,"column":29}},"type":"cond-expr","locations":[{"start":{"line":37,"column":47},"end":{"line":37,"column":29}},{"start":{"line":37,"column":51},"end":{"line":37,"column":18}}]}},"s":{"0":1,"1":1,"2":1,"3":1,"4":1,"5":1,"6":60,"7":1,"8":60,"9":1,"10":2,"11":40,"12":40,"13":40,"14":1,"15":2,"16":1,"17":1,"18":1,"19":1,"20":1,"21":1,"22":1,"23":1,"24":20},"f":{"0":60,"1":60,"2":2,"3":40,"4":1,"5":1,"6":1,"7":1,"8":20},"b":{"0":[24,36],"1":[2,38],"2":[1,0],"3":[1,1],"4":[1,0],"5":[1,1],"6":[9,11]}}
,"/Users/ruanyl/project/formula/src/adx.js": {"path":"/Users/ruanyl/project/formula/src/adx.js","statementMap":{"0":{"start":{"line":1,"column":0},"end":{"line":null,"column":-1}},"1":{"start":{"line":2,"column":0},"end":{"line":null,"column":-1}},"2":{"start":{"line":3,"column":0},"end":{"line":null,"column":-1}},"3":{"start":{"line":4,"column":0},"end":{"line":null,"column":-1}},"4":{"start":{"line":6,"column":15},"end":{"line":6,"column":0}},"5":{"start":{"line":6,"column":15},"end":{"line":null,"column":-1}},"6":{"start":{"line":7,"column":2},"end":{"line":7,"column":15}},"7":{"start":{"line":7,"column":15},"end":{"line":null,"column":-1}},"8":{"start":{"line":8,"column":20},"end":{"line":8,"column":2}},"9":{"start":{"line":9,"column":2},"end":{"line":null,"column":-1}},"10":{"start":{"line":12,"column":16},"end":{"line":12,"column":0}},"11":{"start":{"line":12,"column":16},"end":{"line":null,"column":-1}},"12":{"start":{"line":13,"column":2},"end":{"line":13,"column":15}},"13":{"start":{"line":13,"column":15},"end":{"line":null,"column":-1}},"14":{"start":{"line":14,"column":20},"end":{"line":14,"column":2}},"15":{"start":{"line":15,"column":2},"end":{"line":null,"column":-1}},"16":{"start":{"line":23,"column":13},"end":{"line":23,"column":7}},"17":{"start":{"line":23,"column":19},"end":{"line":null,"column":-1}},"18":{"start":{"line":24,"column":15},"end":{"line":24,"column":2}},"19":{"start":{"line":25,"column":17},"end":{"line":25,"column":2}},"20":{"start":{"line":25,"column":71},"end":{"line":null,"column":-1}},"21":{"start":{"line":26,"column":18},"end":{"line":26,"column":2}},"22":{"start":{"line":26,"column":73},"end":{"line":null,"column":-1}},"23":{"start":{"line":27,"column":2},"end":{"line":null,"column":-1}},"24":{"start":{"line":27,"column":33},"end":{"line":null,"column":-1}}},"fnMap":{"0":{"name":"dmPlus","decl":{"start":{"line":6,"column":6},"end":{"line":6,"column":15}},"loc":{"start":{"line":6,"column":15},"end":{"line":6,"column":0}}},"1":{"name":"(anonymous_1)","decl":{"start":{"line":6,"column":32},"end":{"line":6,"column":32}},"loc":{"start":{"line":6,"column":46},"end":{"line":6,"column":23}}},"2":{"name":"dmMinus","decl":{"start":{"line":12,"column":6},"end":{"line":12,"column":16}},"loc":{"start":{"line":12,"column":16},"end":{"line":12,"column":0}}},"3":{"name":"(anonymous_3)","decl":{"start":{"line":12,"column":33},"end":{"line":12,"column":33}},"loc":{"start":{"line":12,"column":47},"end":{"line":12,"column":24}}},"4":{"name":"adx","decl":{"start":{"line":23,"column":13},"end":{"line":23,"column":19}},"loc":{"start":{"line":23,"column":19},"end":{"line":23,"column":7}}},"5":{"name":"(anonymous_5)","decl":{"start":{"line":23,"column":30},"end":{"line":23,"column":37}},"loc":{"start":{"line":23,"column":38},"end":{"line":23,"column":19}}},"6":{"name":"(anonymous_6)","decl":{"start":{"line":25,"column":71},"end":{"line":null,"column":-1}},"loc":{"start":{"line":25,"column":71},"end":{"line":25,"column":17}}},"7":{"name":"(anonymous_7)","decl":{"start":{"line":26,"column":73},"end":{"line":null,"column":-1}},"loc":{"start":{"line":26,"column":73},"end":{"line":26,"column":18}}},"8":{"name":"(anonymous_8)","decl":{"start":{"line":27,"column":33},"end":{"line":27,"column":33}},"loc":{"start":{"line":27,"column":33},"end":{"line":27,"column":22}}}},"branchMap":{"0":{"loc":{"start":{"line":7,"column":2},"end":{"line":7,"column":15}},"type":"if","locations":[{"start":{"line":7,"column":2},"end":{"line":7,"column":15}},{"start":{"line":7,"column":2},"end":{"line":7,"column":15}}]},"1":{"loc":{"start":{"line":9,"column":75},"end":{"line":9,"column":9}},"type":"cond-expr","locations":[{"start":{"line":9,"column":75},"end":{"line":9,"column":9}},{"start":{"line":9,"column":120},"end":{"line":9,"column":2}}]},"2":{"loc":{"start":{"line":13,"column":2},"end":{"line":13,"column":15}},"type":"if","locations":[{"start":{"line":13,"column":2},"end":{"line":13,"column":15}},{"start":{"line":13,"column":2},"end":{"line":13,"column":15}}]},"3":{"loc":{"start":{"line":15,"column":75},"end":{"line":15,"column":9}},"type":"cond-expr","locations":[{"start":{"line":15,"column":75},"end":{"line":15,"column":9}},{"start":{"line":15,"column":118},"end":{"line":15,"column":2}}]}},"s":{"0":1,"1":1,"2":1,"3":1,"4":1,"5":1,"6":20,"7":1,"8":19,"9":19,"10":1,"11":1,"12":20,"13":1,"14":19,"15":19,"16":1,"17":1,"18":1,"19":1,"20":20,"21":1,"22":20,"23":1,"24":20},"f":{"0":1,"1":20,"2":1,"3":20,"4":1,"5":1,"6":20,"7":20,"8":20},"b":{"0":[1,19],"1":[14,5],"2":[1,19],"3":[5,14]}}
,"/Users/ruanyl/project/formula/src/aroon.js": {"path":"/Users/ruanyl/project/formula/src/aroon.js","statementMap":{"0":{"start":{"line":1,"column":0},"end":{"line":null,"column":-1}},"1":{"start":{"line":2,"column":0},"end":{"line":null,"column":-1}},"2":{"start":{"line":3,"column":0},"end":{"line":null,"column":-1}},"3":{"start":{"line":4,"column":0},"end":{"line":null,"column":-1}},"4":{"start":{"line":6,"column":16},"end":{"line":6,"column":0}},"5":{"start":{"line":7,"column":15},"end":{"line":7,"column":2}},"6":{"start":{"line":8,"column":12},"end":{"line":8,"column":2}},"7":{"start":{"line":9,"column":2},"end":{"line":null,"column":-1}},"8":{"start":{"line":10,"column":20},"end":{"line":10,"column":4}},"9":{"start":{"line":11,"column":4},"end":{"line":null,"column":-1}},"10":{"start":{"line":15,"column":18},"end":{"line":15,"column":0}},"11":{"start":{"line":16,"column":14},"end":{"line":16,"column":2}},"12":{"start":{"line":17,"column":12},"end":{"line":17,"column":2}},"13":{"start":{"line":18,"column":2},"end":{"line":null,"column":-1}},"14":{"start":{"line":19,"column":19},"end":{"line":19,"column":4}},"15":{"start":{"line":20,"column":4},"end":{"line":null,"column":-1}},"16":{"start":{"line":27,"column":13},"end":{"line":27,"column":7}},"17":{"start":{"line":27,"column":21},"end":{"line":null,"column":-1}},"18":{"start":{"line":27,"column":32},"end":{"line":null,"column":-1}},"19":{"start":{"line":32,"column":13},"end":{"line":32,"column":7}},"20":{"start":{"line":32,"column":24},"end":{"line":null,"column":-1}},"21":{"start":{"line":32,"column":35},"end":{"line":null,"column":-1}}},"fnMap":{"0":{"name":"aroonUp","decl":{"start":{"line":6,"column":6},"end":{"line":6,"column":16}},"loc":{"start":{"line":6,"column":35},"end":{"line":6,"column":0}}},"1":{"name":"(anonymous_1)","decl":{"start":{"line":9,"column":18},"end":{"line":9,"column":18}},"loc":{"start":{"line":9,"column":28},"end":{"line":9,"column":9}}},"2":{"name":"aroonDown","decl":{"start":{"line":15,"column":6},"end":{"line":15,"column":18}},"loc":{"start":{"line":15,"column":37},"end":{"line":15,"column":0}}},"3":{"name":"(anonymous_3)","decl":{"start":{"line":18,"column":17},"end":{"line":18,"column":17}},"loc":{"start":{"line":18,"column":27},"end":{"line":18,"column":9}}},"4":{"name":"aroon","decl":{"start":{"line":27,"column":13},"end":{"line":27,"column":21}},"loc":{"start":{"line":27,"column":21},"end":{"line":27,"column":7}}},"5":{"name":"(anonymous_5)","decl":{"start":{"line":27,"column":32},"end":{"line":null,"column":-1}},"loc":{"start":{"line":27,"column":32},"end":{"line":27,"column":21}}},"6":{"name":"aroonosc","decl":{"start":{"line":32,"column":13},"end":{"line":32,"column":24}},"loc":{"start":{"line":32,"column":24},"end":{"line":32,"column":7}}},"7":{"name":"(anonymous_7)","decl":{"start":{"line":32,"column":35},"end":{"line":null,"column":-1}},"loc":{"start":{"line":32,"column":35},"end":{"line":32,"column":24}}}},"branchMap":{},"s":{"0":1,"1":1,"2":1,"3":1,"4":1,"5":2,"6":2,"7":2,"8":40,"9":40,"10":1,"11":2,"12":2,"13":2,"14":40,"15":40,"16":1,"17":1,"18":1,"19":1,"20":1,"21":1},"f":{"0":2,"1":40,"2":2,"3":40,"4":1,"5":1,"6":1,"7":1},"b":{}}
,"/Users/ruanyl/project/formula/src/arrayMath.js": {"path":"/Users/ruanyl/project/formula/src/arrayMath.js","statementMap":{"0":{"start":{"line":1,"column":0},"end":{"line":null,"column":-1}},"1":{"start":{"line":11,"column":13},"end":{"line":11,"column":7}},"2":{"start":{"line":11,"column":54},"end":{"line":11,"column":53}},"3":{"start":{"line":12,"column":14},"end":{"line":12,"column":2}},"4":{"start":{"line":13,"column":16},"end":{"line":13,"column":2}},"5":{"start":{"line":14,"column":2},"end":{"line":null,"column":-1}},"6":{"start":{"line":17,"column":13},"end":{"line":17,"column":7}},"7":{"start":{"line":17,"column":19},"end":{"line":null,"column":-1}},"8":{"start":{"line":19,"column":13},"end":{"line":19,"column":7}},"9":{"start":{"line":19,"column":19},"end":{"line":null,"column":-1}},"10":{"start":{"line":21,"column":13},"end":{"line":21,"column":7}},"11":{"start":{"line":23,"column":13},"end":{"line":23,"column":7}},"12":{"start":{"line":25,"column":13},"end":{"line":25,"column":7}},"13":{"start":{"line":27,"column":13},"end":{"line":27,"column":7}},"14":{"start":{"line":29,"column":13},"end":{"line":29,"column":7}},"15":{"start":{"line":29,"column":24},"end":{"line":null,"column":-1}},"16":{"start":{"line":29,"column":45},"end":{"line":null,"column":-1}},"17":{"start":{"line":31,"column":13},"end":{"line":31,"column":7}},"18":{"start":{"line":34,"column":13},"end":{"line":34,"column":7}},"19":{"start":{"line":34,"column":20},"end":{"line":null,"column":-1}},"20":{"start":{"line":34,"column":52},"end":{"line":null,"column":-1}},"21":{"start":{"line":34,"column":69},"end":{"line":null,"column":-1}},"22":{"start":{"line":36,"column":13},"end":{"line":36,"column":7}},"23":{"start":{"line":36,"column":29},"end":{"line":null,"column":-1}},"24":{"start":{"line":36,"column":49},"end":{"line":null,"column":-1}},"25":{"start":{"line":40,"column":13},"end":{"line":40,"column":7}},"26":{"start":{"line":40,"column":20},"end":{"line":null,"column":-1}},"27":{"start":{"line":40,"column":30},"end":{"line":null,"column":-1}},"28":{"start":{"line":40,"column":47},"end":{"line":null,"column":-1}},"29":{"start":{"line":43,"column":13},"end":{"line":43,"column":7}},"30":{"start":{"line":43,"column":19},"end":{"line":null,"column":-1}},"31":{"start":{"line":43,"column":35},"end":{"line":null,"column":-1}}},"fnMap":{"0":{"name":"subArray","decl":{"start":{"line":11,"column":13},"end":{"line":11,"column":24}},"loc":{"start":{"line":11,"column":54},"end":{"line":11,"column":7}}},"1":{"name":"max","decl":{"start":{"line":17,"column":13},"end":{"line":17,"column":19}},"loc":{"start":{"line":17,"column":19},"end":{"line":17,"column":7}}},"2":{"name":"min","decl":{"start":{"line":19,"column":13},"end":{"line":19,"column":19}},"loc":{"start":{"line":19,"column":19},"end":{"line":19,"column":7}}},"3":{"name":"variance","decl":{"start":{"line":29,"column":13},"end":{"line":29,"column":24}},"loc":{"start":{"line":29,"column":24},"end":{"line":29,"column":7}}},"4":{"name":"(anonymous_5)","decl":{"start":{"line":29,"column":45},"end":{"line":null,"column":-1}},"loc":{"start":{"line":29,"column":45},"end":{"line":29,"column":31}}},"5":{"name":"prev","decl":{"start":{"line":34,"column":13},"end":{"line":34,"column":20}},"loc":{"start":{"line":34,"column":20},"end":{"line":34,"column":7}}},"6":{"name":"(anonymous_7)","decl":{"start":{"line":34,"column":52},"end":{"line":null,"column":-1}},"loc":{"start":{"line":34,"column":52},"end":{"line":34,"column":20}}},"7":{"name":"(anonymous_8)","decl":{"start":{"line":34,"column":69},"end":{"line":34,"column":69}},"loc":{"start":{"line":34,"column":69},"end":{"line":34,"column":60}}},"8":{"name":"meanDeviation","decl":{"start":{"line":36,"column":13},"end":{"line":36,"column":29}},"loc":{"start":{"line":36,"column":29},"end":{"line":36,"column":7}}},"9":{"name":"(anonymous_10)","decl":{"start":{"line":36,"column":49},"end":{"line":null,"column":-1}},"loc":{"start":{"line":36,"column":49},"end":{"line":36,"column":41}}},"10":{"name":"move","decl":{"start":{"line":40,"column":13},"end":{"line":40,"column":20}},"loc":{"start":{"line":40,"column":20},"end":{"line":40,"column":7}}},"11":{"name":"(anonymous_12)","decl":{"start":{"line":40,"column":30},"end":{"line":null,"column":-1}},"loc":{"start":{"line":40,"column":30},"end":{"line":40,"column":20}}},"12":{"name":"(anonymous_13)","decl":{"start":{"line":40,"column":47},"end":{"line":40,"column":47}},"loc":{"start":{"line":40,"column":47},"end":{"line":40,"column":38}}},"13":{"name":"ref","decl":{"start":{"line":43,"column":13},"end":{"line":43,"column":19}},"loc":{"start":{"line":43,"column":19},"end":{"line":43,"column":7}}},"14":{"name":"(anonymous_15)","decl":{"start":{"line":43,"column":35},"end":{"line":43,"column":35}},"loc":{"start":{"line":43,"column":35},"end":{"line":43,"column":19}}}},"branchMap":{"0":{"loc":{"start":{"line":11,"column":54},"end":{"line":11,"column":28}},"type":"cond-expr","locations":[{"start":{"line":11,"column":54},"end":{"line":11,"column":28}},{"start":{"line":11,"column":29},"end":{"line":11,"column":54}}]},"1":{"loc":{"start":{"line":11,"column":54},"end":{"line":11,"column":28}},"type":"binary-expr","locations":[{"start":{"line":11,"column":54},"end":{"line":11,"column":28}},{"start":{"line":11,"column":54},"end":{"line":11,"column":28}}]},"2":{"loc":{"start":{"line":11,"column":54},"end":{"line":11,"column":37}},"type":"cond-expr","locations":[{"start":{"line":11,"column":54},"end":{"line":11,"column":37}},{"start":{"line":11,"column":38},"end":{"line":11,"column":54}}]},"3":{"loc":{"start":{"line":11,"column":54},"end":{"line":11,"column":37}},"type":"binary-expr","locations":[{"start":{"line":11,"column":54},"end":{"line":11,"column":37}},{"start":{"line":11,"column":54},"end":{"line":11,"column":37}}]},"4":{"loc":{"start":{"line":11,"column":54},"end":{"line":11,"column":46}},"type":"cond-expr","locations":[{"start":{"line":11,"column":54},"end":{"line":11,"column":46}},{"start":{"line":11,"column":47},"end":{"line":11,"column":54}}]},"5":{"loc":{"start":{"line":11,"column":54},"end":{"line":11,"column":46}},"type":"binary-expr","locations":[{"start":{"line":11,"column":54},"end":{"line":11,"column":46}},{"start":{"line":11,"column":54},"end":{"line":11,"column":46}}]},"6":{"loc":{"start":{"line":13,"column":30},"end":{"line":13,"column":16}},"type":"cond-expr","locations":[{"start":{"line":13,"column":30},"end":{"line":13,"column":16}},{"start":{"line":13,"column":34},"end":{"line":13,"column":2}}]},"7":{"loc":{"start":{"line":40,"column":72},"end":{"line":40,"column":58}},"type":"cond-expr","locations":[{"start":{"line":40,"column":72},"end":{"line":40,"column":58}},{"start":{"line":40,"column":76},"end":{"line":40,"column":47}}]},"8":{"loc":{"start":{"line":43,"column":67},"end":{"line":43,"column":49}},"type":"cond-expr","locations":[{"start":{"line":43,"column":67},"end":{"line":43,"column":49}},{"start":{"line":43,"column":71},"end":{"line":43,"column":35}}]}},"s":{"0":13,"1":13,"2":1926,"3":642,"4":642,"5":642,"6":13,"7":263,"8":13,"9":263,"10":13,"11":13,"12":13,"13":13,"14":13,"15":22,"16":22,"17":13,"18":13,"19":4,"20":4,"21":80,"22":13,"23":8,"24":106,"25":13,"26":2,"27":2,"28":28,"29":13,"30":20,"31":20},"f":{"0":642,"1":263,"2":263,"3":22,"4":22,"5":4,"6":4,"7":80,"8":8,"9":106,"10":2,"11":2,"12":28,"13":20,"14":20},"b":{"0":[642,0],"1":[642,642],"2":[642,0],"3":[642,642],"4":[642,0],"5":[642,642],"6":[219,423],"7":[14,14],"8":[14,6]}}
,"/Users/ruanyl/project/formula/src/atr.js": {"path":"/Users/ruanyl/project/formula/src/atr.js","statementMap":{"0":{"start":{"line":1,"column":0},"end":{"line":null,"column":-1}},"1":{"start":{"line":2,"column":0},"end":{"line":null,"column":-1}},"2":{"start":{"line":5,"column":13},"end":{"line":5,"column":7}},"3":{"start":{"line":5,"column":18},"end":{"line":null,"column":-1}},"4":{"start":{"line":6,"column":2},"end":{"line":8,"column":3}},"5":{"start":{"line":7,"column":4},"end":{"line":null,"column":-1}},"6":{"start":{"line":9,"column":12},"end":{"line":9,"column":2}},"7":{"start":{"line":10,"column":2},"end":{"line":null,"column":-1}},"8":{"start":{"line":14,"column":13},"end":{"line":14,"column":7}},"9":{"start":{"line":14,"column":19},"end":{"line":null,"column":-1}},"10":{"start":{"line":14,"column":30},"end":{"line":null,"column":-1}}},"fnMap":{"0":{"name":"tr","decl":{"start":{"line":5,"column":13},"end":{"line":5,"column":18}},"loc":{"start":{"line":5,"column":18},"end":{"line":5,"column":7}}},"1":{"name":"(anonymous_1)","decl":{"start":{"line":5,"column":35},"end":{"line":5,"column":35}},"loc":{"start":{"line":5,"column":45},"end":{"line":5,"column":26}}},"2":{"name":"atr","decl":{"start":{"line":14,"column":13},"end":{"line":14,"column":19}},"loc":{"start":{"line":14,"column":19},"end":{"line":14,"column":7}}},"3":{"name":"(anonymous_3)","decl":{"start":{"line":14,"column":30},"end":{"line":null,"column":-1}},"loc":{"start":{"line":14,"column":30},"end":{"line":14,"column":19}}}},"branchMap":{"0":{"loc":{"start":{"line":6,"column":2},"end":{"line":8,"column":3}},"type":"if","locations":[{"start":{"line":6,"column":2},"end":{"line":8,"column":3}},{"start":{"line":6,"column":2},"end":{"line":8,"column":3}}]}},"s":{"0":2,"1":2,"2":2,"3":3,"4":60,"5":3,"6":57,"7":57,"8":2,"9":2,"10":2},"f":{"0":3,"1":60,"2":2,"3":2},"b":{"0":[3,57]}}
,"/Users/ruanyl/project/formula/src/boll.js": {"path":"/Users/ruanyl/project/formula/src/boll.js","statementMap":{"0":{"start":{"line":1,"column":0},"end":{"line":null,"column":-1}},"1":{"start":{"line":2,"column":0},"end":{"line":null,"column":-1}},"2":{"start":{"line":3,"column":0},"end":{"line":null,"column":-1}},"3":{"start":{"line":4,"column":0},"end":{"line":null,"column":-1}},"4":{"start":{"line":5,"column":0},"end":{"line":null,"column":-1}},"5":{"start":{"line":7,"column":13},"end":{"line":7,"column":7}},"6":{"start":{"line":7,"column":19},"end":{"line":null,"column":-1}},"7":{"start":{"line":8,"column":13},"end":{"line":8,"column":7}},"8":{"start":{"line":8,"column":19},"end":{"line":null,"column":-1}},"9":{"start":{"line":8,"column":38},"end":{"line":null,"column":-1}},"10":{"start":{"line":8,"column":49},"end":{"line":null,"column":-1}},"11":{"start":{"line":9,"column":13},"end":{"line":9,"column":7}},"12":{"start":{"line":9,"column":20},"end":{"line":null,"column":-1}},"13":{"start":{"line":10,"column":17},"end":{"line":10,"column":2}},"14":{"start":{"line":11,"column":17},"end":{"line":11,"column":2}},"15":{"start":{"line":12,"column":17},"end":{"line":12,"column":2}},"16":{"start":{"line":12,"column":17},"end":{"line":null,"column":-1}},"17":{"start":{"line":13,"column":17},"end":{"line":13,"column":2}},"18":{"start":{"line":13,"column":17},"end":{"line":null,"column":-1}},"19":{"start":{"line":14,"column":21},"end":{"line":14,"column":2}},"20":{"start":{"line":14,"column":21},"end":{"line":null,"column":-1}},"21":{"start":{"line":15,"column":19},"end":{"line":15,"column":2}},"22":{"start":{"line":16,"column":19},"end":{"line":16,"column":2}},"23":{"start":{"line":17,"column":23},"end":{"line":17,"column":2}},"24":{"start":{"line":18,"column":2},"end":{"line":null,"column":-1}}},"fnMap":{"0":{"name":"mid","decl":{"start":{"line":7,"column":13},"end":{"line":7,"column":19}},"loc":{"start":{"line":7,"column":19},"end":{"line":7,"column":7}}},"1":{"name":"dis","decl":{"start":{"line":8,"column":13},"end":{"line":8,"column":19}},"loc":{"start":{"line":8,"column":19},"end":{"line":8,"column":7}}},"2":{"name":"(anonymous_2)","decl":{"start":{"line":8,"column":38},"end":{"line":null,"column":-1}},"loc":{"start":{"line":8,"column":38},"end":{"line":8,"column":30}}},"3":{"name":"(anonymous_3)","decl":{"start":{"line":8,"column":49},"end":{"line":8,"column":49}},"loc":{"start":{"line":8,"column":49},"end":{"line":8,"column":43}}},"4":{"name":"boll","decl":{"start":{"line":9,"column":13},"end":{"line":9,"column":20}},"loc":{"start":{"line":9,"column":20},"end":{"line":9,"column":7}}},"5":{"name":"(anonymous_5)","decl":{"start":{"line":9,"column":40},"end":{"line":9,"column":47}},"loc":{"start":{"line":9,"column":48},"end":{"line":9,"column":20}}},"6":{"name":"upperF","decl":{"start":{"line":12,"column":8},"end":{"line":12,"column":17}},"loc":{"start":{"line":12,"column":17},"end":{"line":12,"column":2}}},"7":{"name":"lowerF","decl":{"start":{"line":13,"column":8},"end":{"line":13,"column":17}},"loc":{"start":{"line":13,"column":17},"end":{"line":13,"column":2}}},"8":{"name":"bandWidthF","decl":{"start":{"line":14,"column":8},"end":{"line":14,"column":21}},"loc":{"start":{"line":14,"column":21},"end":{"line":14,"column":2}}}},"branchMap":{"0":{"loc":{"start":{"line":12,"column":38},"end":{"line":12,"column":28}},"type":"cond-expr","locations":[{"start":{"line":12,"column":38},"end":{"line":12,"column":28}},{"start":{"line":12,"column":42},"end":{"line":12,"column":17}}]},"1":{"loc":{"start":{"line":13,"column":38},"end":{"line":13,"column":28}},"type":"cond-expr","locations":[{"start":{"line":13,"column":38},"end":{"line":13,"column":28}},{"start":{"line":13,"column":42},"end":{"line":13,"column":17}}]},"2":{"loc":{"start":{"line":14,"column":45},"end":{"line":14,"column":35}},"type":"cond-expr","locations":[{"start":{"line":14,"column":45},"end":{"line":14,"column":35}},{"start":{"line":14,"column":50},"end":{"line":14,"column":21}}]}},"s":{"0":1,"1":1,"2":1,"3":1,"4":1,"5":1,"6":2,"7":1,"8":1,"9":1,"10":20,"11":1,"12":1,"13":1,"14":1,"15":1,"16":20,"17":1,"18":20,"19":1,"20":20,"21":1,"22":1,"23":1,"24":1},"f":{"0":2,"1":1,"2":1,"3":20,"4":1,"5":1,"6":20,"7":20,"8":20},"b":{"0":[9,11],"1":[9,11],"2":[9,11]}}
,"/Users/ruanyl/project/formula/src/cci.js": {"path":"/Users/ruanyl/project/formula/src/cci.js","statementMap":{"0":{"start":{"line":1,"column":0},"end":{"line":null,"column":-1}},"1":{"start":{"line":2,"column":0},"end":{"line":null,"column":-1}},"2":{"start":{"line":3,"column":0},"end":{"line":null,"column":-1}},"3":{"start":{"line":4,"column":0},"end":{"line":null,"column":-1}},"4":{"start":{"line":5,"column":0},"end":{"line":null,"column":-1}},"5":{"start":{"line":10,"column":13},"end":{"line":10,"column":7}},"6":{"start":{"line":10,"column":19},"end":{"line":null,"column":-1}},"7":{"start":{"line":11,"column":14},"end":{"line":11,"column":2}},"8":{"start":{"line":12,"column":16},"end":{"line":12,"column":2}},"9":{"start":{"line":13,"column":16},"end":{"line":13,"column":2}},"10":{"start":{"line":14,"column":2},"end":{"line":null,"column":-1}},"11":{"start":{"line":14,"column":62},"end":{"line":null,"column":-1}}},"fnMap":{"0":{"name":"cci","decl":{"start":{"line":10,"column":13},"end":{"line":10,"column":19}},"loc":{"start":{"line":10,"column":19},"end":{"line":10,"column":7}}},"1":{"name":"(anonymous_1)","decl":{"start":{"line":10,"column":30},"end":{"line":10,"column":37}},"loc":{"start":{"line":10,"column":38},"end":{"line":10,"column":19}}},"2":{"name":"(anonymous_2)","decl":{"start":{"line":14,"column":62},"end":{"line":null,"column":-1}},"loc":{"start":{"line":14,"column":62},"end":{"line":14,"column":52}}}},"branchMap":{},"s":{"0":1,"1":1,"2":1,"3":1,"4":1,"5":1,"6":1,"7":1,"8":1,"9":1,"10":1,"11":20},"f":{"0":1,"1":1,"2":20},"b":{}}
,"/Users/ruanyl/project/formula/src/cons.js": {"path":"/Users/ruanyl/project/formula/src/cons.js","statementMap":{"0":{"start":{"line":1,"column":13},"end":{"line":1,"column":7}},"1":{"start":{"line":1,"column":21},"end":{"line":null,"column":-1}},"2":{"start":{"line":2,"column":13},"end":{"line":2,"column":7}},"3":{"start":{"line":2,"column":20},"end":{"line":null,"column":-1}},"4":{"start":{"line":3,"column":13},"end":{"line":3,"column":7}},"5":{"start":{"line":3,"column":19},"end":{"line":null,"column":-1}},"6":{"start":{"line":4,"column":13},"end":{"line":4,"column":7}},"7":{"start":{"line":4,"column":22},"end":{"line":null,"column":-1}},"8":{"start":{"line":5,"column":13},"end":{"line":5,"column":7}},"9":{"start":{"line":5,"column":23},"end":{"line":null,"column":-1}},"10":{"start":{"line":7,"column":13},"end":{"line":7,"column":7}},"11":{"start":{"line":7,"column":19},"end":{"line":null,"column":-1}},"12":{"start":{"line":9,"column":13},"end":{"line":9,"column":7}},"13":{"start":{"line":9,"column":26},"end":{"line":null,"column":-1}}},"fnMap":{"0":{"name":"CLOSE","decl":{"start":{"line":1,"column":13},"end":{"line":1,"column":21}},"loc":{"start":{"line":1,"column":21},"end":{"line":1,"column":7}}},"1":{"name":"HIGH","decl":{"start":{"line":2,"column":13},"end":{"line":2,"column":20}},"loc":{"start":{"line":2,"column":20},"end":{"line":2,"column":7}}},"2":{"name":"LOW","decl":{"start":{"line":3,"column":13},"end":{"line":3,"column":19}},"loc":{"start":{"line":3,"column":19},"end":{"line":3,"column":7}}},"3":{"name":"VOLUME","decl":{"start":{"line":4,"column":13},"end":{"line":4,"column":22}},"loc":{"start":{"line":4,"column":22},"end":{"line":4,"column":7}}},"4":{"name":"formatT","decl":{"start":{"line":5,"column":13},"end":{"line":5,"column":23}},"loc":{"start":{"line":5,"column":23},"end":{"line":5,"column":7}}},"5":{"name":"TYP","decl":{"start":{"line":7,"column":13},"end":{"line":7,"column":19}},"loc":{"start":{"line":7,"column":19},"end":{"line":7,"column":7}}},"6":{"name":"divideZero","decl":{"start":{"line":9,"column":13},"end":{"line":9,"column":26}},"loc":{"start":{"line":9,"column":26},"end":{"line":9,"column":7}}}},"branchMap":{"0":{"loc":{"start":{"line":9,"column":47},"end":{"line":9,"column":37}},"type":"cond-expr","locations":[{"start":{"line":9,"column":47},"end":{"line":9,"column":37}},{"start":{"line":9,"column":51},"end":{"line":9,"column":26}}]}},"s":{"0":12,"1":1122,"2":12,"3":4013,"4":12,"5":3995,"6":12,"7":80,"8":12,"9":140,"10":12,"11":20,"12":12,"13":120},"f":{"0":1122,"1":4013,"2":3995,"3":80,"4":140,"5":20,"6":120},"b":{"0":[49,71]}}
,"/Users/ruanyl/project/formula/src/corrcoef.js": {"path":"/Users/ruanyl/project/formula/src/corrcoef.js","statementMap":{"0":{"start":{"line":2,"column":0},"end":{"line":null,"column":-1}},"1":{"start":{"line":4,"column":0},"end":{"line":null,"column":-1}},"2":{"start":{"line":5,"column":0},"end":{"line":null,"column":-1}},"3":{"start":{"line":6,"column":0},"end":{"line":null,"column":-1}},"4":{"start":{"line":8,"column":17},"end":{"line":8,"column":0}},"5":{"start":{"line":8,"column":17},"end":{"line":null,"column":-1}},"6":{"start":{"line":9,"column":19},"end":{"line":9,"column":0}},"7":{"start":{"line":9,"column":19},"end":{"line":null,"column":-1}},"8":{"start":{"line":10,"column":21},"end":{"line":10,"column":0}},"9":{"start":{"line":10,"column":21},"end":{"line":null,"column":-1}},"10":{"start":{"line":12,"column":13},"end":{"line":12,"column":7}},"11":{"start":{"line":12,"column":24},"end":{"line":null,"column":-1}},"12":{"start":{"line":13,"column":22},"end":{"line":13,"column":2}},"13":{"start":{"line":14,"column":18},"end":{"line":14,"column":2}},"14":{"start":{"line":15,"column":18},"end":{"line":15,"column":2}},"15":{"start":{"line":16,"column":22},"end":{"line":16,"column":2}},"16":{"start":{"line":16,"column":44},"end":{"line":null,"column":-1}},"17":{"start":{"line":17,"column":22},"end":{"line":17,"column":2}},"18":{"start":{"line":17,"column":44},"end":{"line":null,"column":-1}},"19":{"start":{"line":18,"column":22},"end":{"line":18,"column":2}},"20":{"start":{"line":19,"column":24},"end":{"line":19,"column":2}},"21":{"start":{"line":20,"column":24},"end":{"line":20,"column":2}},"22":{"start":{"line":21,"column":25},"end":{"line":21,"column":2}},"23":{"start":{"line":22,"column":13},"end":{"line":22,"column":2}},"24":{"start":{"line":23,"column":2},"end":{"line":null,"column":-1}}},"fnMap":{"0":{"name":"variance","decl":{"start":{"line":8,"column":6},"end":{"line":8,"column":17}},"loc":{"start":{"line":8,"column":17},"end":{"line":8,"column":0}}},"1":{"name":"coVariance","decl":{"start":{"line":9,"column":6},"end":{"line":9,"column":19}},"loc":{"start":{"line":9,"column":19},"end":{"line":9,"column":0}}},"2":{"name":"corrcoefFunc","decl":{"start":{"line":10,"column":6},"end":{"line":10,"column":21}},"loc":{"start":{"line":10,"column":21},"end":{"line":10,"column":0}}},"3":{"name":"corrcoef","decl":{"start":{"line":12,"column":13},"end":{"line":12,"column":24}},"loc":{"start":{"line":12,"column":24},"end":{"line":12,"column":7}}},"4":{"name":"(anonymous_4)","decl":{"start":{"line":12,"column":35},"end":{"line":12,"column":35}},"loc":{"start":{"line":12,"column":53},"end":{"line":12,"column":24}}},"5":{"name":"(anonymous_5)","decl":{"start":{"line":16,"column":44},"end":{"line":null,"column":-1}},"loc":{"start":{"line":16,"column":44},"end":{"line":16,"column":34}}},"6":{"name":"(anonymous_6)","decl":{"start":{"line":17,"column":44},"end":{"line":null,"column":-1}},"loc":{"start":{"line":17,"column":44},"end":{"line":17,"column":34}}}},"branchMap":{},"s":{"0":1,"1":1,"2":1,"3":1,"4":1,"5":40,"6":1,"7":20,"8":1,"9":20,"10":1,"11":1,"12":1,"13":1,"14":1,"15":1,"16":20,"17":1,"18":20,"19":1,"20":1,"21":1,"22":1,"23":1,"24":1},"f":{"0":40,"1":20,"2":20,"3":1,"4":1,"5":20,"6":20},"b":{}}
,"/Users/ruanyl/project/formula/src/ema.js": {"path":"/Users/ruanyl/project/formula/src/ema.js","statementMap":{"0":{"start":{"line":1,"column":0},"end":{"line":null,"column":-1}},"1":{"start":{"line":2,"column":0},"end":{"line":null,"column":-1}},"2":{"start":{"line":4,"column":13},"end":{"line":4,"column":7}},"3":{"start":{"line":4,"column":20},"end":{"line":null,"column":-1}},"4":{"start":{"line":4,"column":36},"end":{"line":null,"column":-1}},"5":{"start":{"line":5,"column":13},"end":{"line":5,"column":7}},"6":{"start":{"line":5,"column":20},"end":{"line":null,"column":-1}},"7":{"start":{"line":5,"column":36},"end":{"line":null,"column":-1}},"8":{"start":{"line":6,"column":13},"end":{"line":6,"column":7}},"9":{"start":{"line":6,"column":19},"end":{"line":null,"column":-1}},"10":{"start":{"line":6,"column":35},"end":{"line":null,"column":-1}}},"fnMap":{"0":{"name":"emaF","decl":{"start":{"line":4,"column":13},"end":{"line":4,"column":20}},"loc":{"start":{"line":4,"column":20},"end":{"line":4,"column":7}}},"1":{"name":"(anonymous_1)","decl":{"start":{"line":4,"column":36},"end":{"line":null,"column":-1}},"loc":{"start":{"line":4,"column":36},"end":{"line":4,"column":20}}},"2":{"name":"smaF","decl":{"start":{"line":5,"column":13},"end":{"line":5,"column":20}},"loc":{"start":{"line":5,"column":20},"end":{"line":5,"column":7}}},"3":{"name":"(anonymous_3)","decl":{"start":{"line":5,"column":36},"end":{"line":null,"column":-1}},"loc":{"start":{"line":5,"column":36},"end":{"line":5,"column":20}}},"4":{"name":"maF","decl":{"start":{"line":6,"column":13},"end":{"line":6,"column":19}},"loc":{"start":{"line":6,"column":19},"end":{"line":6,"column":7}}},"5":{"name":"(anonymous_5)","decl":{"start":{"line":6,"column":35},"end":{"line":null,"column":-1}},"loc":{"start":{"line":6,"column":35},"end":{"line":6,"column":19}}}},"branchMap":{},"s":{"0":1,"1":1,"2":1,"3":8,"4":8,"5":1,"6":0,"7":0,"8":1,"9":0,"10":0},"f":{"0":8,"1":8,"2":0,"3":0,"4":0,"5":0},"b":{}}
,"/Users/ruanyl/project/formula/src/functional.js": {"path":"/Users/ruanyl/project/formula/src/functional.js","statementMap":{"0":{"start":{"line":1,"column":0},"end":{"line":null,"column":-1}},"1":{"start":{"line":13,"column":13},"end":{"line":13,"column":7}},"2":{"start":{"line":14,"column":22},"end":{"line":14,"column":2}},"3":{"start":{"line":14,"column":32},"end":{"line":null,"column":-1}},"4":{"start":{"line":16,"column":18},"end":{"line":null,"column":-1}},"5":{"start":{"line":16,"column":32},"end":{"line":null,"column":-1}},"6":{"start":{"line":17,"column":33},"end":{"line":null,"column":-1}},"7":{"start":{"line":17,"column":39},"end":{"line":null,"column":-1}},"8":{"start":{"line":18,"column":10},"end":{"line":null,"column":-1}},"9":{"start":{"line":18,"column":16},"end":{"line":null,"column":-1}},"10":{"start":{"line":21,"column":2},"end":{"line":null,"column":-1}},"11":{"start":{"line":24,"column":13},"end":{"line":24,"column":7}},"12":{"start":{"line":24,"column":19},"end":{"line":null,"column":-1}},"13":{"start":{"line":24,"column":26},"end":{"line":24,"column":19}},"14":{"start":{"line":24,"column":47},"end":{"line":null,"column":-1}},"15":{"start":{"line":24,"column":71},"end":{"line":null,"column":-1}},"16":{"start":{"line":26,"column":13},"end":{"line":26,"column":7}},"17":{"start":{"line":26,"column":22},"end":{"line":null,"column":-1}},"18":{"start":{"line":26,"column":31},"end":{"line":26,"column":22}},"19":{"start":{"line":28,"column":4},"end":{"line":null,"column":-1}},"20":{"start":{"line":29,"column":6},"end":{"line":null,"column":-1}},"21":{"start":{"line":29,"column":27},"end":{"line":null,"column":-1}},"22":{"start":{"line":38,"column":13},"end":{"line":38,"column":7}},"23":{"start":{"line":38,"column":22},"end":{"line":null,"column":-1}},"24":{"start":{"line":39,"column":16},"end":{"line":39,"column":2}},"25":{"start":{"line":40,"column":17},"end":{"line":40,"column":2}},"26":{"start":{"line":41,"column":15},"end":{"line":41,"column":2}},"27":{"start":{"line":42,"column":2},"end":{"line":null,"column":-1}}},"fnMap":{"0":{"name":"mapCompose","decl":{"start":{"line":13,"column":13},"end":{"line":13,"column":26}},"loc":{"start":{"line":13,"column":35},"end":{"line":13,"column":7}}},"1":{"name":"(anonymous_2)","decl":{"start":{"line":14,"column":32},"end":{"line":14,"column":32}},"loc":{"start":{"line":14,"column":32},"end":{"line":14,"column":22}}},"2":{"name":"(anonymous_3)","decl":{"start":{"line":16,"column":18},"end":{"line":null,"column":-1}},"loc":{"start":{"line":16,"column":18},"end":{"line":16,"column":6}}},"3":{"name":"(anonymous_4)","decl":{"start":{"line":16,"column":32},"end":{"line":null,"column":-1}},"loc":{"start":{"line":16,"column":32},"end":{"line":16,"column":24}}},"4":{"name":"(anonymous_5)","decl":{"start":{"line":17,"column":33},"end":{"line":null,"column":-1}},"loc":{"start":{"line":17,"column":33},"end":{"line":17,"column":6}}},"5":{"name":"(anonymous_6)","decl":{"start":{"line":17,"column":39},"end":{"line":null,"column":-1}},"loc":{"start":{"line":17,"column":39},"end":{"line":17,"column":33}}},"6":{"name":"(anonymous_7)","decl":{"start":{"line":18,"column":10},"end":{"line":null,"column":-1}},"loc":{"start":{"line":18,"column":10},"end":{"line":18,"column":6}}},"7":{"name":"(anonymous_8)","decl":{"start":{"line":18,"column":16},"end":{"line":null,"column":-1}},"loc":{"start":{"line":18,"column":16},"end":{"line":18,"column":10}}},"8":{"name":"mix","decl":{"start":{"line":24,"column":13},"end":{"line":24,"column":19}},"loc":{"start":{"line":24,"column":19},"end":{"line":24,"column":7}}},"9":{"name":"(anonymous_10)","decl":{"start":{"line":24,"column":47},"end":{"line":24,"column":47}},"loc":{"start":{"line":24,"column":47},"end":{"line":24,"column":35}}},"10":{"name":"(anonymous_11)","decl":{"start":{"line":24,"column":71},"end":{"line":null,"column":-1}},"loc":{"start":{"line":24,"column":71},"end":{"line":24,"column":62}}},"11":{"name":"mixAll","decl":{"start":{"line":26,"column":13},"end":{"line":26,"column":22}},"loc":{"start":{"line":26,"column":22},"end":{"line":26,"column":7}}},"12":{"name":"(anonymous_13)","decl":{"start":{"line":28,"column":4},"end":{"line":28,"column":4}},"loc":{"start":{"line":28,"column":4},"end":{"line":27,"column":2}}},"13":{"name":"(anonymous_14)","decl":{"start":{"line":29,"column":6},"end":{"line":null,"column":-1}},"loc":{"start":{"line":29,"column":6},"end":{"line":28,"column":14}}},"14":{"name":"(anonymous_15)","decl":{"start":{"line":29,"column":27},"end":{"line":null,"column":-1}},"loc":{"start":{"line":29,"column":27},"end":{"line":29,"column":18}}},"15":{"name":"mapMix","decl":{"start":{"line":38,"column":13},"end":{"line":38,"column":22}},"loc":{"start":{"line":38,"column":22},"end":{"line":38,"column":7}}},"16":{"name":"(anonymous_17)","decl":{"start":{"line":38,"column":31},"end":{"line":38,"column":35}},"loc":{"start":{"line":38,"column":36},"end":{"line":38,"column":22}}}},"branchMap":{},"s":{"0":11,"1":11,"2":1,"3":3,"4":1,"5":1,"6":1,"7":1,"8":1,"9":1,"10":1,"11":11,"12":56,"13":59,"14":470,"15":1000,"16":11,"17":0,"18":0,"19":0,"20":0,"21":0,"22":11,"23":1,"24":1,"25":1,"26":1,"27":1},"f":{"0":1,"1":3,"2":1,"3":1,"4":1,"5":1,"6":1,"7":1,"8":28,"9":470,"10":1000,"11":0,"12":0,"13":0,"14":0,"15":1,"16":1},"b":{}}
,"/Users/ruanyl/project/formula/src/kdj.js": {"path":"/Users/ruanyl/project/formula/src/kdj.js","statementMap":{"0":{"start":{"line":1,"column":0},"end":{"line":null,"column":-1}},"1":{"start":{"line":2,"column":0},"end":{"line":null,"column":-1}},"2":{"start":{"line":3,"column":0},"end":{"line":null,"column":-1}},"3":{"start":{"line":4,"column":0},"end":{"line":null,"column":-1}},"4":{"start":{"line":6,"column":13},"end":{"line":6,"column":7}},"5":{"start":{"line":6,"column":25},"end":{"line":null,"column":-1}},"6":{"start":{"line":6,"column":30},"end":{"line":null,"column":-1}},"7":{"start":{"line":7,"column":21},"end":{"line":7,"column":2}},"8":{"start":{"line":8,"column":20},"end":{"line":8,"column":2}},"9":{"start":{"line":9,"column":19},"end":{"line":9,"column":2}},"10":{"start":{"line":10,"column":2},"end":{"line":null,"column":-1}},"11":{"start":{"line":13,"column":13},"end":{"line":13,"column":7}},"12":{"start":{"line":13,"column":23},"end":{"line":null,"column":-1}},"13":{"start":{"line":14,"column":13},"end":{"line":14,"column":7}},"14":{"start":{"line":14,"column":23},"end":{"line":null,"column":-1}},"15":{"start":{"line":15,"column":13},"end":{"line":15,"column":7}},"16":{"start":{"line":15,"column":17},"end":{"line":null,"column":-1}},"17":{"start":{"line":15,"column":36},"end":{"line":null,"column":-1}},"18":{"start":{"line":16,"column":13},"end":{"line":16,"column":7}},"19":{"start":{"line":16,"column":19},"end":{"line":null,"column":-1}}},"fnMap":{"0":{"name":"(anonymous_0)","decl":{"start":{"line":6,"column":25},"end":{"line":null,"column":-1}},"loc":{"start":{"line":6,"column":25},"end":{"line":6,"column":19}}},"1":{"name":"(anonymous_1)","decl":{"start":{"line":6,"column":30},"end":{"line":null,"column":-1}},"loc":{"start":{"line":6,"column":30},"end":{"line":6,"column":25}}},"2":{"name":"(anonymous_2)","decl":{"start":{"line":6,"column":47},"end":{"line":6,"column":47}},"loc":{"start":{"line":6,"column":64},"end":{"line":6,"column":38}}},"3":{"name":"(anonymous_3)","decl":{"start":{"line":13,"column":23},"end":{"line":13,"column":23}},"loc":{"start":{"line":13,"column":23},"end":{"line":13,"column":17}}},"4":{"name":"(anonymous_4)","decl":{"start":{"line":14,"column":23},"end":{"line":14,"column":23}},"loc":{"start":{"line":14,"column":23},"end":{"line":14,"column":17}}},"5":{"name":"j","decl":{"start":{"line":15,"column":13},"end":{"line":15,"column":17}},"loc":{"start":{"line":15,"column":17},"end":{"line":15,"column":7}}},"6":{"name":"(anonymous_6)","decl":{"start":{"line":15,"column":36},"end":{"line":15,"column":36}},"loc":{"start":{"line":15,"column":36},"end":{"line":15,"column":29}}},"7":{"name":"kdj","decl":{"start":{"line":16,"column":13},"end":{"line":16,"column":19}},"loc":{"start":{"line":16,"column":19},"end":{"line":16,"column":7}}}},"branchMap":{"0":{"loc":{"start":{"line":10,"column":34},"end":{"line":10,"column":9}},"type":"cond-expr","locations":[{"start":{"line":10,"column":34},"end":{"line":10,"column":9}},{"start":{"line":10,"column":38},"end":{"line":10,"column":2}}]}},"s":{"0":1,"1":1,"2":1,"3":1,"4":1,"5":9,"6":9,"7":180,"8":180,"9":180,"10":180,"11":1,"12":8,"13":1,"14":4,"15":1,"16":3,"17":60,"18":1,"19":1},"f":{"0":9,"1":9,"2":180,"3":8,"4":4,"5":3,"6":60,"7":1},"b":{"0":[9,171]}}
,"/Users/ruanyl/project/formula/src/macd.js": {"path":"/Users/ruanyl/project/formula/src/macd.js","statementMap":{"0":{"start":{"line":1,"column":0},"end":{"line":null,"column":-1}},"1":{"start":{"line":2,"column":0},"end":{"line":null,"column":-1}},"2":{"start":{"line":3,"column":0},"end":{"line":null,"column":-1}},"3":{"start":{"line":4,"column":0},"end":{"line":null,"column":-1}},"4":{"start":{"line":5,"column":0},"end":{"line":null,"column":-1}},"5":{"start":{"line":7,"column":13},"end":{"line":7,"column":7}},"6":{"start":{"line":7,"column":19},"end":{"line":7,"column":18}},"7":{"start":{"line":7,"column":19},"end":{"line":null,"column":-1}},"8":{"start":{"line":7,"column":46},"end":{"line":null,"column":-1}},"9":{"start":{"line":8,"column":13},"end":{"line":8,"column":7}},"10":{"start":{"line":8,"column":19},"end":{"line":8,"column":18}},"11":{"start":{"line":8,"column":19},"end":{"line":null,"column":-1}},"12":{"start":{"line":8,"column":35},"end":{"line":null,"column":-1}},"13":{"start":{"line":9,"column":13},"end":{"line":9,"column":7}},"14":{"start":{"line":9,"column":20},"end":{"line":null,"column":-1}},"15":{"start":{"line":9,"column":34},"end":{"line":null,"column":-1}}},"fnMap":{"0":{"name":"dif","decl":{"start":{"line":7,"column":13},"end":{"line":7,"column":19}},"loc":{"start":{"line":7,"column":19},"end":{"line":7,"column":7}}},"1":{"name":"(anonymous_1)","decl":{"start":{"line":7,"column":46},"end":{"line":null,"column":-1}},"loc":{"start":{"line":7,"column":46},"end":{"line":7,"column":19}}},"2":{"name":"dea","decl":{"start":{"line":8,"column":13},"end":{"line":8,"column":19}},"loc":{"start":{"line":8,"column":19},"end":{"line":8,"column":7}}},"3":{"name":"(anonymous_3)","decl":{"start":{"line":8,"column":35},"end":{"line":null,"column":-1}},"loc":{"start":{"line":8,"column":35},"end":{"line":8,"column":19}}},"4":{"name":"macd","decl":{"start":{"line":9,"column":13},"end":{"line":9,"column":20}},"loc":{"start":{"line":9,"column":20},"end":{"line":9,"column":7}}},"5":{"name":"(anonymous_5)","decl":{"start":{"line":9,"column":34},"end":{"line":null,"column":-1}},"loc":{"start":{"line":9,"column":34},"end":{"line":9,"column":20}}}},"branchMap":{"0":{"loc":{"start":{"line":7,"column":19},"end":{"line":7,"column":27}},"type":"cond-expr","locations":[{"start":{"line":7,"column":19},"end":{"line":7,"column":27}},{"start":{"line":7,"column":28},"end":{"line":7,"column":19}}]},"1":{"loc":{"start":{"line":7,"column":19},"end":{"line":7,"column":27}},"type":"binary-expr","locations":[{"start":{"line":7,"column":19},"end":{"line":7,"column":27}},{"start":{"line":7,"column":19},"end":{"line":7,"column":27}}]},"2":{"loc":{"start":{"line":7,"column":19},"end":{"line":7,"column":38}},"type":"cond-expr","locations":[{"start":{"line":7,"column":19},"end":{"line":7,"column":38}},{"start":{"line":7,"column":39},"end":{"line":7,"column":19}}]},"3":{"loc":{"start":{"line":7,"column":19},"end":{"line":7,"column":38}},"type":"binary-expr","locations":[{"start":{"line":7,"column":19},"end":{"line":7,"column":38}},{"start":{"line":7,"column":19},"end":{"line":7,"column":38}}]},"4":{"loc":{"start":{"line":8,"column":19},"end":{"line":8,"column":28}},"type":"cond-expr","locations":[{"start":{"line":8,"column":19},"end":{"line":8,"column":28}},{"start":{"line":8,"column":29},"end":{"line":8,"column":19}}]},"5":{"loc":{"start":{"line":8,"column":19},"end":{"line":8,"column":28}},"type":"binary-expr","locations":[{"start":{"line":8,"column":19},"end":{"line":8,"column":28}},{"start":{"line":8,"column":19},"end":{"line":8,"column":28}}]}},"s":{"0":1,"1":1,"2":1,"3":1,"4":1,"5":1,"6":6,"7":3,"8":4,"9":1,"10":2,"11":2,"12":2,"13":1,"14":1,"15":1},"f":{"0":3,"1":4,"2":2,"3":2,"4":1,"5":1},"b":{"0":[3,0],"1":[3,3],"2":[3,0],"3":[3,3],"4":[2,0],"5":[2,2]}}
,"/Users/ruanyl/project/formula/src/movingAverage.js": {"path":"/Users/ruanyl/project/formula/src/movingAverage.js","statementMap":{"0":{"start":{"line":1,"column":0},"end":{"line":null,"column":-1}},"1":{"start":{"line":2,"column":0},"end":{"line":null,"column":-1}},"2":{"start":{"line":3,"column":0},"end":{"line":null,"column":-1}},"3":{"start":{"line":4,"column":0},"end":{"line":null,"column":-1}},"4":{"start":{"line":6,"column":13},"end":{"line":6,"column":7}},"5":{"start":{"line":6,"column":20},"end":{"line":6,"column":19}},"6":{"start":{"line":6,"column":20},"end":{"line":null,"column":-1}},"7":{"start":{"line":8,"column":19},"end":{"line":8,"column":0}},"8":{"start":{"line":9,"column":12},"end":{"line":9,"column":2}},"9":{"start":{"line":10,"column":2},"end":{"line":null,"column":-1}},"10":{"start":{"line":12,"column":19},"end":{"line":12,"column":0}},"11":{"start":{"line":13,"column":12},"end":{"line":13,"column":2}},"12":{"start":{"line":14,"column":2},"end":{"line":null,"column":-1}},"13":{"start":{"line":16,"column":19},"end":{"line":16,"column":0}},"14":{"start":{"line":16,"column":19},"end":{"line":null,"column":-1}},"15":{"start":{"line":19,"column":12},"end":{"line":19,"column":0}},"16":{"start":{"line":19,"column":12},"end":{"line":null,"column":-1}},"17":{"start":{"line":19,"column":37},"end":{"line":null,"column":-1}},"18":{"start":{"line":21,"column":13},"end":{"line":21,"column":0}},"19":{"start":{"line":21,"column":13},"end":{"line":null,"column":-1}},"20":{"start":{"line":21,"column":38},"end":{"line":null,"column":-1}},"21":{"start":{"line":23,"column":13},"end":{"line":23,"column":0}},"22":{"start":{"line":23,"column":13},"end":{"line":null,"column":-1}},"23":{"start":{"line":23,"column":38},"end":{"line":null,"column":-1}},"24":{"start":{"line":25,"column":13},"end":{"line":25,"column":0}},"25":{"start":{"line":25,"column":13},"end":{"line":null,"column":-1}},"26":{"start":{"line":25,"column":38},"end":{"line":null,"column":-1}},"27":{"start":{"line":26,"column":13},"end":{"line":26,"column":0}},"28":{"start":{"line":26,"column":13},"end":{"line":null,"column":-1}},"29":{"start":{"line":27,"column":13},"end":{"line":27,"column":0}},"30":{"start":{"line":27,"column":13},"end":{"line":null,"column":-1}},"31":{"start":{"line":28,"column":15},"end":{"line":28,"column":0}},"32":{"start":{"line":28,"column":15},"end":{"line":null,"column":-1}},"33":{"start":{"line":30,"column":13},"end":{"line":30,"column":7}},"34":{"start":{"line":31,"column":13},"end":{"line":31,"column":7}},"35":{"start":{"line":32,"column":13},"end":{"line":32,"column":7}},"36":{"start":{"line":33,"column":13},"end":{"line":33,"column":7}},"37":{"start":{"line":34,"column":13},"end":{"line":34,"column":7}},"38":{"start":{"line":35,"column":13},"end":{"line":35,"column":7}},"39":{"start":{"line":36,"column":13},"end":{"line":36,"column":7}}},"fnMap":{"0":{"name":"mapF","decl":{"start":{"line":6,"column":13},"end":{"line":6,"column":20}},"loc":{"start":{"line":6,"column":20},"end":{"line":6,"column":7}}},"1":{"name":"emaFormula","decl":{"start":{"line":8,"column":6},"end":{"line":8,"column":19}},"loc":{"start":{"line":8,"column":44},"end":{"line":8,"column":0}}},"2":{"name":"smaFormula","decl":{"start":{"line":12,"column":6},"end":{"line":12,"column":19}},"loc":{"start":{"line":12,"column":44},"end":{"line":12,"column":0}}},"3":{"name":"wmaFormula","decl":{"start":{"line":16,"column":6},"end":{"line":16,"column":19}},"loc":{"start":{"line":16,"column":19},"end":{"line":16,"column":0}}},"4":{"name":"_ma","decl":{"start":{"line":19,"column":6},"end":{"line":19,"column":12}},"loc":{"start":{"line":19,"column":12},"end":{"line":19,"column":0}}},"5":{"name":"(anonymous_5)","decl":{"start":{"line":19,"column":37},"end":{"line":19,"column":37}},"loc":{"start":{"line":19,"column":37},"end":{"line":19,"column":25}}},"6":{"name":"_sma","decl":{"start":{"line":21,"column":6},"end":{"line":21,"column":13}},"loc":{"start":{"line":21,"column":13},"end":{"line":21,"column":0}}},"7":{"name":"(anonymous_7)","decl":{"start":{"line":21,"column":38},"end":{"line":21,"column":38}},"loc":{"start":{"line":21,"column":38},"end":{"line":21,"column":26}}},"8":{"name":"_ema","decl":{"start":{"line":23,"column":6},"end":{"line":23,"column":13}},"loc":{"start":{"line":23,"column":13},"end":{"line":23,"column":0}}},"9":{"name":"(anonymous_9)","decl":{"start":{"line":23,"column":38},"end":{"line":23,"column":38}},"loc":{"start":{"line":23,"column":38},"end":{"line":23,"column":26}}},"10":{"name":"_wma","decl":{"start":{"line":25,"column":6},"end":{"line":25,"column":13}},"loc":{"start":{"line":25,"column":13},"end":{"line":25,"column":0}}},"11":{"name":"(anonymous_11)","decl":{"start":{"line":25,"column":38},"end":{"line":25,"column":38}},"loc":{"start":{"line":25,"column":38},"end":{"line":25,"column":26}}},"12":{"name":"_llv","decl":{"start":{"line":26,"column":6},"end":{"line":26,"column":13}},"loc":{"start":{"line":26,"column":13},"end":{"line":26,"column":0}}},"13":{"name":"_hhv","decl":{"start":{"line":27,"column":6},"end":{"line":27,"column":13}},"loc":{"start":{"line":27,"column":13},"end":{"line":27,"column":0}}},"14":{"name":"_close","decl":{"start":{"line":28,"column":6},"end":{"line":28,"column":15}},"loc":{"start":{"line":28,"column":15},"end":{"line":28,"column":0}}}},"branchMap":{"0":{"loc":{"start":{"line":6,"column":20},"end":{"line":6,"column":27}},"type":"cond-expr","locations":[{"start":{"line":6,"column":20},"end":{"line":6,"column":27}},{"start":{"line":6,"column":28},"end":{"line":6,"column":20}}]},"1":{"loc":{"start":{"line":6,"column":20},"end":{"line":6,"column":27}},"type":"binary-expr","locations":[{"start":{"line":6,"column":20},"end":{"line":6,"column":27}},{"start":{"line":6,"column":20},"end":{"line":6,"column":27}}]},"2":{"loc":{"start":{"line":6,"column":57},"end":{"line":6,"column":39}},"type":"cond-expr","locations":[{"start":{"line":6,"column":57},"end":{"line":6,"column":39}},{"start":{"line":6,"column":64},"end":{"line":6,"column":20}}]},"3":{"loc":{"start":{"line":19,"column":71},"end":{"line":19,"column":55}},"type":"cond-expr","locations":[{"start":{"line":19,"column":71},"end":{"line":19,"column":55}},{"start":{"line":19,"column":88},"end":{"line":19,"column":37}}]},"4":{"loc":{"start":{"line":21,"column":76},"end":{"line":21,"column":51}},"type":"cond-expr","locations":[{"start":{"line":21,"column":76},"end":{"line":21,"column":51}},{"start":{"line":21,"column":92},"end":{"line":21,"column":38}}]},"5":{"loc":{"start":{"line":23,"column":76},"end":{"line":23,"column":51}},"type":"cond-expr","locations":[{"start":{"line":23,"column":76},"end":{"line":23,"column":51}},{"start":{"line":23,"column":92},"end":{"line":23,"column":38}}]},"6":{"loc":{"start":{"line":25,"column":72},"end":{"line":25,"column":56}},"type":"cond-expr","locations":[{"start":{"line":25,"column":72},"end":{"line":25,"column":56}},{"start":{"line":25,"column":89},"end":{"line":25,"column":38}}]}},"s":{"0":9,"1":9,"2":9,"3":9,"4":9,"5":362,"6":724,"7":9,"8":352,"9":352,"10":9,"11":246,"12":246,"13":9,"14":9,"15":9,"16":9,"17":179,"18":9,"19":13,"20":259,"21":9,"22":19,"23":371,"24":9,"25":1,"26":18,"27":9,"28":181,"29":9,"30":181,"31":9,"32":180,"33":9,"34":9,"35":9,"36":9,"37":9,"38":9,"39":9},"f":{"0":362,"1":352,"2":246,"3":9,"4":9,"5":179,"6":13,"7":259,"8":19,"9":371,"10":1,"11":18,"12":181,"13":181,"14":180},"b":{"0":[362,0],"1":[362,362],"2":[0,362],"3":[130,49],"4":[13,246],"5":[19,352],"6":[9,9]}}
,"/Users/ruanyl/project/formula/src/roc.js": {"path":"/Users/ruanyl/project/formula/src/roc.js","statementMap":{"0":{"start":{"line":1,"column":0},"end":{"line":null,"column":-1}},"1":{"start":{"line":2,"column":0},"end":{"line":null,"column":-1}},"2":{"start":{"line":3,"column":0},"end":{"line":null,"column":-1}},"3":{"start":{"line":5,"column":13},"end":{"line":5,"column":7}},"4":{"start":{"line":5,"column":20},"end":{"line":null,"column":-1}},"5":{"start":{"line":5,"column":31},"end":{"line":null,"column":-1}},"6":{"start":{"line":6,"column":19},"end":{"line":6,"column":2}},"7":{"start":{"line":7,"column":2},"end":{"line":null,"column":-1}},"8":{"start":{"line":10,"column":13},"end":{"line":10,"column":7}},"9":{"start":{"line":10,"column":20},"end":{"line":null,"column":-1}},"10":{"start":{"line":10,"column":31},"end":{"line":null,"column":-1}},"11":{"start":{"line":11,"column":19},"end":{"line":11,"column":2}},"12":{"start":{"line":12,"column":2},"end":{"line":null,"column":-1}},"13":{"start":{"line":15,"column":13},"end":{"line":15,"column":7}},"14":{"start":{"line":15,"column":19},"end":{"line":null,"column":-1}}},"fnMap":{"0":{"name":"rocr","decl":{"start":{"line":5,"column":13},"end":{"line":5,"column":20}},"loc":{"start":{"line":5,"column":20},"end":{"line":5,"column":7}}},"1":{"name":"(anonymous_1)","decl":{"start":{"line":5,"column":31},"end":{"line":null,"column":-1}},"loc":{"start":{"line":5,"column":31},"end":{"line":5,"column":20}}},"2":{"name":"(anonymous_2)","decl":{"start":{"line":5,"column":48},"end":{"line":5,"column":48}},"loc":{"start":{"line":5,"column":58},"end":{"line":5,"column":39}}},"3":{"name":"rocp","decl":{"start":{"line":10,"column":13},"end":{"line":10,"column":20}},"loc":{"start":{"line":10,"column":20},"end":{"line":10,"column":7}}},"4":{"name":"(anonymous_4)","decl":{"start":{"line":10,"column":31},"end":{"line":null,"column":-1}},"loc":{"start":{"line":10,"column":31},"end":{"line":10,"column":20}}},"5":{"name":"(anonymous_5)","decl":{"start":{"line":10,"column":48},"end":{"line":10,"column":48}},"loc":{"start":{"line":10,"column":58},"end":{"line":10,"column":39}}},"6":{"name":"roc","decl":{"start":{"line":15,"column":13},"end":{"line":15,"column":19}},"loc":{"start":{"line":15,"column":19},"end":{"line":15,"column":7}}}},"branchMap":{},"s":{"0":1,"1":1,"2":1,"3":1,"4":0,"5":0,"6":0,"7":0,"8":1,"9":1,"10":1,"11":20,"12":20,"13":1,"14":1},"f":{"0":0,"1":0,"2":0,"3":1,"4":1,"5":20,"6":1},"b":{}}
,"/Users/ruanyl/project/formula/src/custom/turtle.js": {"path":"/Users/ruanyl/project/formula/src/custom/turtle.js","statementMap":{"0":{"start":{"line":1,"column":0},"end":{"line":null,"column":-1}},"1":{"start":{"line":3,"column":13},"end":{"line":3,"column":7}},"2":{"start":{"line":3,"column":22},"end":{"line":null,"column":-1}},"3":{"start":{"line":3,"column":56},"end":{"line":null,"column":-1}}},"fnMap":{"0":{"name":"prevhl","decl":{"start":{"line":3,"column":13},"end":{"line":3,"column":22}},"loc":{"start":{"line":3,"column":22},"end":{"line":3,"column":7}}},"1":{"name":"(anonymous_1)","decl":{"start":{"line":3,"column":56},"end":{"line":null,"column":-1}},"loc":{"start":{"line":3,"column":56},"end":{"line":3,"column":22}}}},"branchMap":{},"s":{"0":1,"1":1,"2":1,"3":1},"f":{"0":1,"1":1},"b":{}}
}
